Start testing: Dec 17 19:47 CET
----------------------------------------------------------
1/1 Testing: tests_gtests
1/1 Test: tests_gtests
Command: "/home/yabiel/Desktop/IS/eq102/build/tests/tests"
Directory: /home/yabiel/Desktop/IS/eq102/build/tests
"tests_gtests" start time: Dec 17 19:47 CET
Output:
----------------------------------------------------------
Running main() from /home/yabiel/Desktop/IS/eq102/build/_deps/googletest-src/googletest/src/gtest_main.cc
[==========] Running 1 test from 1 test suite.
[----------] Global test environment set-up.
[----------] 1 test from Participante
[ RUN      ] Participante.comprobaciones
Error al leer fichero open
<end of output>
Test time =   0.00 sec
----------------------------------------------------------
Test Failed.
"tests_gtests" end time: Dec 17 19:47 CET
"tests_gtests" time elapsed: 00:00:00
----------------------------------------------------------

End testing: Dec 17 19:47 CET
